<?xml version="1.0" encoding="UTF-8"?>
<testng-results ignored="0" total="1" passed="1" failed="0" skipped="0">
  <reporter-output>
  </reporter-output>
  <suite started-at="2024-05-27T21:44:22 IST" name="Suite" finished-at="2024-05-27T21:44:26 IST" duration-ms="4358">
    <groups>
      <group name="cucumber">
        <method signature="AbstractTestNGCucumberTests.runScenario(io.cucumber.testng.PickleWrapper,io.cucumber.testng.FeatureWrapper)[pri:0, instance:com.example.runner.CucumberRunnerTests@2f177a4b]" name="runScenario" class="io.cucumber.testng.AbstractTestNGCucumberTests"/>
      </group> <!-- cucumber -->
    </groups>
    <test started-at="2024-05-27T21:44:22 IST" name="Rest Assured, Cucumber with TestNG Test" finished-at="2024-05-27T21:44:26 IST" duration-ms="4358">
      <class name="com.example.runner.CucumberRunnerTests">
        <test-method is-config="true" signature="setUpClass(org.testng.ITestContext)[pri:0, instance:com.example.runner.CucumberRunnerTests@2f177a4b]" started-at="2024-05-27T21:44:22 IST" name="setUpClass" finished-at="2024-05-27T21:44:23 IST" duration-ms="804" status="PASS">
          <params>
            <param index="0">
              <value>
                <![CDATA[org.testng.TestRunner@1144a02b]]>
              </value>
            </param>
          </params>
          <reporter-output>
          </reporter-output>
        </test-method> <!-- setUpClass -->
        <test-method signature="runScenario(io.cucumber.testng.PickleWrapper,io.cucumber.testng.FeatureWrapper)[pri:0, instance:com.example.runner.CucumberRunnerTests@2f177a4b]" started-at="2024-05-27T21:44:23 IST" name="runScenario" description="Runs Cucumber Scenarios" data-provider="scenarios" finished-at="2024-05-27T21:44:26 IST" duration-ms="2767" status="PASS">
          <params>
            <param index="0">
              <value>
                <![CDATA["Send a valid Request to get user details"]]>
              </value>
            </param>
            <param index="1">
              <value>
                <![CDATA["Validation of get method"]]>
              </value>
            </param>
          </params>
          <reporter-output>
          </reporter-output>
        </test-method> <!-- runScenario -->
        <test-method is-config="true" signature="tearDownClass()[pri:0, instance:com.example.runner.CucumberRunnerTests@2f177a4b]" started-at="2024-05-27T21:44:26 IST" name="tearDownClass" finished-at="2024-05-27T21:44:26 IST" duration-ms="730" status="PASS">
          <reporter-output>
          </reporter-output>
        </test-method> <!-- tearDownClass -->
      </class> <!-- com.example.runner.CucumberRunnerTests -->
    </test> <!-- Rest Assured, Cucumber with TestNG Test -->
  </suite> <!-- Suite -->
</testng-results>
